[0.128s] DEBUG:colcon:Command line arguments: ['/usr/bin/colcon', 'build']
[0.128s] DEBUG:colcon:Parsed command line arguments: Namespace(log_base=None, log_level=None, verb_name='build', build_base='build', install_base='install', merge_install=False, symlink_install=False, test_result_base=None, continue_on_error=False, executor='parallel', parallel_workers=12, event_handlers=None, ignore_user_meta=False, metas=['./colcon.meta'], base_paths=['.'], packages_ignore=None, packages_ignore_regex=None, paths=None, packages_up_to=None, packages_up_to_regex=None, packages_above=None, packages_above_and_dependencies=None, packages_above_depth=None, packages_select_by_dep=None, packages_skip_by_dep=None, packages_skip_up_to=None, packages_select_build_failed=False, packages_skip_build_finished=False, packages_select_test_failures=False, packages_skip_test_passed=False, packages_select=None, packages_skip=None, packages_select_regex=None, packages_skip_regex=None, packages_start=None, packages_end=None, allow_overriding=[], cmake_args=None, cmake_target=None, cmake_target_skip_unavailable=False, cmake_clean_cache=False, cmake_clean_first=False, cmake_force_configure=False, ament_cmake_args=None, catkin_cmake_args=None, catkin_skip_building_tests=False, mixin_files=None, mixin=None, verb_parser=<colcon_mixin.mixin.mixin_argument.MixinArgumentDecorator object at 0x7e885ce9fce0>, verb_extension=<colcon_core.verb.build.BuildVerb object at 0x7e885ce9f830>, main=<bound method BuildVerb.main of <colcon_core.verb.build.BuildVerb object at 0x7e885ce9f830>>, mixin_verb=('build',))
[0.160s] Level 1:colcon.colcon_core.package_discovery:discover_packages(colcon_meta) check parameters
[0.160s] Level 1:colcon.colcon_core.package_discovery:discover_packages(recursive) check parameters
[0.160s] Level 1:colcon.colcon_core.package_discovery:discover_packages(ignore) check parameters
[0.160s] Level 1:colcon.colcon_core.package_discovery:discover_packages(path) check parameters
[0.160s] Level 1:colcon.colcon_core.package_discovery:discover_packages(colcon_meta) discover
[0.160s] Level 1:colcon.colcon_core.package_discovery:discover_packages(recursive) discover
[0.160s] INFO:colcon.colcon_core.package_discovery:Crawling recursively for packages in '/home/leonardo/Diplomski/Odometry/rosws'
[0.160s] Level 1:colcon.colcon_core.package_identification:_identify(.) by extensions ['ignore', 'ignore_ament_install']
[0.160s] Level 1:colcon.colcon_core.package_identification:_identify(.) by extension 'ignore'
[0.160s] Level 1:colcon.colcon_core.package_identification:_identify(.) by extension 'ignore_ament_install'
[0.160s] Level 1:colcon.colcon_core.package_identification:_identify(.) by extensions ['colcon_pkg']
[0.160s] Level 1:colcon.colcon_core.package_identification:_identify(.) by extension 'colcon_pkg'
[0.160s] Level 1:colcon.colcon_core.package_identification:_identify(.) by extensions ['colcon_meta']
[0.160s] Level 1:colcon.colcon_core.package_identification:_identify(.) by extension 'colcon_meta'
[0.160s] Level 1:colcon.colcon_core.package_identification:_identify(.) by extensions ['ros']
[0.160s] Level 1:colcon.colcon_core.package_identification:_identify(.) by extension 'ros'
[0.179s] Level 1:colcon.colcon_core.package_identification:_identify(.) by extensions ['cmake', 'python']
[0.179s] Level 1:colcon.colcon_core.package_identification:_identify(.) by extension 'cmake'
[0.179s] Level 1:colcon.colcon_core.package_identification:_identify(.) by extension 'python'
[0.179s] Level 1:colcon.colcon_core.package_identification:_identify(.) by extensions ['python_setup_py']
[0.179s] Level 1:colcon.colcon_core.package_identification:_identify(.) by extension 'python_setup_py'
[0.180s] Level 1:colcon.colcon_core.package_identification:_identify(build) by extensions ['ignore', 'ignore_ament_install']
[0.180s] Level 1:colcon.colcon_core.package_identification:_identify(build) by extension 'ignore'
[0.180s] Level 1:colcon.colcon_core.package_identification:_identify(build) ignored
[0.180s] Level 1:colcon.colcon_core.package_identification:_identify(install) by extensions ['ignore', 'ignore_ament_install']
[0.180s] Level 1:colcon.colcon_core.package_identification:_identify(install) by extension 'ignore'
[0.180s] Level 1:colcon.colcon_core.package_identification:_identify(install) ignored
[0.180s] Level 1:colcon.colcon_core.package_identification:_identify(log) by extensions ['ignore', 'ignore_ament_install']
[0.180s] Level 1:colcon.colcon_core.package_identification:_identify(log) by extension 'ignore'
[0.180s] Level 1:colcon.colcon_core.package_identification:_identify(log) ignored
[0.180s] Level 1:colcon.colcon_core.package_identification:_identify(src) by extensions ['ignore', 'ignore_ament_install']
[0.180s] Level 1:colcon.colcon_core.package_identification:_identify(src) by extension 'ignore'
[0.180s] Level 1:colcon.colcon_core.package_identification:_identify(src) by extension 'ignore_ament_install'
[0.180s] Level 1:colcon.colcon_core.package_identification:_identify(src) by extensions ['colcon_pkg']
[0.180s] Level 1:colcon.colcon_core.package_identification:_identify(src) by extension 'colcon_pkg'
[0.180s] Level 1:colcon.colcon_core.package_identification:_identify(src) by extensions ['colcon_meta']
[0.180s] Level 1:colcon.colcon_core.package_identification:_identify(src) by extension 'colcon_meta'
[0.180s] Level 1:colcon.colcon_core.package_identification:_identify(src) by extensions ['ros']
[0.180s] Level 1:colcon.colcon_core.package_identification:_identify(src) by extension 'ros'
[0.180s] Level 1:colcon.colcon_core.package_identification:_identify(src) by extensions ['cmake', 'python']
[0.181s] Level 1:colcon.colcon_core.package_identification:_identify(src) by extension 'cmake'
[0.181s] Level 1:colcon.colcon_core.package_identification:_identify(src) by extension 'python'
[0.181s] Level 1:colcon.colcon_core.package_identification:_identify(src) by extensions ['python_setup_py']
[0.181s] Level 1:colcon.colcon_core.package_identification:_identify(src) by extension 'python_setup_py'
[0.181s] Level 1:colcon.colcon_core.package_identification:_identify(src/camera_test_gt) by extensions ['ignore', 'ignore_ament_install']
[0.181s] Level 1:colcon.colcon_core.package_identification:_identify(src/camera_test_gt) by extension 'ignore'
[0.181s] Level 1:colcon.colcon_core.package_identification:_identify(src/camera_test_gt) by extension 'ignore_ament_install'
[0.181s] Level 1:colcon.colcon_core.package_identification:_identify(src/camera_test_gt) by extensions ['colcon_pkg']
[0.181s] Level 1:colcon.colcon_core.package_identification:_identify(src/camera_test_gt) by extension 'colcon_pkg'
[0.181s] Level 1:colcon.colcon_core.package_identification:_identify(src/camera_test_gt) by extensions ['colcon_meta']
[0.181s] Level 1:colcon.colcon_core.package_identification:_identify(src/camera_test_gt) by extension 'colcon_meta'
[0.181s] Level 1:colcon.colcon_core.package_identification:_identify(src/camera_test_gt) by extensions ['ros']
[0.181s] Level 1:colcon.colcon_core.package_identification:_identify(src/camera_test_gt) by extension 'ros'
[0.188s] DEBUG:colcon.colcon_core.package_identification:Package 'src/camera_test_gt' with type 'ros.ament_python' and name 'camera_test_gt'
[0.188s] Level 1:colcon.colcon_core.package_discovery:discover_packages(recursive) using defaults
[0.188s] Level 1:colcon.colcon_core.package_discovery:discover_packages(ignore) discover
[0.188s] Level 1:colcon.colcon_core.package_discovery:discover_packages(ignore) using defaults
[0.188s] Level 1:colcon.colcon_core.package_discovery:discover_packages(path) discover
[0.188s] Level 1:colcon.colcon_core.package_discovery:discover_packages(path) using defaults
[0.215s] Level 1:colcon.colcon_core.package_discovery:discover_packages(prefix_path) check parameters
[0.215s] Level 1:colcon.colcon_core.package_discovery:discover_packages(prefix_path) discover
[0.216s] DEBUG:colcon.colcon_installed_package_information.package_discovery:Found 1 installed packages in /home/leonardo/Diplomski/Odometry/rosws/install
[0.217s] DEBUG:colcon.colcon_installed_package_information.package_discovery:Found 285 installed packages in /opt/ros/jazzy
[0.218s] Level 1:colcon.colcon_core.package_discovery:discover_packages(prefix_path) using defaults
[0.252s] Level 5:colcon.colcon_core.verb:set package 'camera_test_gt' build argument 'cmake_args' from command line to 'None'
[0.252s] Level 5:colcon.colcon_core.verb:set package 'camera_test_gt' build argument 'cmake_target' from command line to 'None'
[0.252s] Level 5:colcon.colcon_core.verb:set package 'camera_test_gt' build argument 'cmake_target_skip_unavailable' from command line to 'False'
[0.252s] Level 5:colcon.colcon_core.verb:set package 'camera_test_gt' build argument 'cmake_clean_cache' from command line to 'False'
[0.252s] Level 5:colcon.colcon_core.verb:set package 'camera_test_gt' build argument 'cmake_clean_first' from command line to 'False'
[0.252s] Level 5:colcon.colcon_core.verb:set package 'camera_test_gt' build argument 'cmake_force_configure' from command line to 'False'
[0.252s] Level 5:colcon.colcon_core.verb:set package 'camera_test_gt' build argument 'ament_cmake_args' from command line to 'None'
[0.252s] Level 5:colcon.colcon_core.verb:set package 'camera_test_gt' build argument 'catkin_cmake_args' from command line to 'None'
[0.252s] Level 5:colcon.colcon_core.verb:set package 'camera_test_gt' build argument 'catkin_skip_building_tests' from command line to 'False'
[0.252s] DEBUG:colcon.colcon_core.verb:Building package 'camera_test_gt' with the following arguments: {'ament_cmake_args': None, 'build_base': '/home/leonardo/Diplomski/Odometry/rosws/build/camera_test_gt', 'catkin_cmake_args': None, 'catkin_skip_building_tests': False, 'cmake_args': None, 'cmake_clean_cache': False, 'cmake_clean_first': False, 'cmake_force_configure': False, 'cmake_target': None, 'cmake_target_skip_unavailable': False, 'install_base': '/home/leonardo/Diplomski/Odometry/rosws/install/camera_test_gt', 'merge_install': False, 'path': '/home/leonardo/Diplomski/Odometry/rosws/src/camera_test_gt', 'symlink_install': False, 'test_result_base': None}
[0.252s] INFO:colcon.colcon_core.executor:Executing jobs using 'parallel' executor
[0.253s] DEBUG:colcon.colcon_parallel_executor.executor.parallel:run_until_complete
[0.253s] INFO:colcon.colcon_ros.task.ament_python.build:Building ROS package in '/home/leonardo/Diplomski/Odometry/rosws/src/camera_test_gt' with build type 'ament_python'
[0.253s] Level 1:colcon.colcon_core.shell:create_environment_hook('camera_test_gt', 'ament_prefix_path')
[0.255s] INFO:colcon.colcon_core.plugin_system:Skipping extension 'colcon_core.shell.bat': Not used on non-Windows systems
[0.255s] INFO:colcon.colcon_core.shell:Creating environment hook '/home/leonardo/Diplomski/Odometry/rosws/install/camera_test_gt/share/camera_test_gt/hook/ament_prefix_path.ps1'
[0.256s] INFO:colcon.colcon_core.shell:Creating environment descriptor '/home/leonardo/Diplomski/Odometry/rosws/install/camera_test_gt/share/camera_test_gt/hook/ament_prefix_path.dsv'
[0.256s] INFO:colcon.colcon_core.shell:Creating environment hook '/home/leonardo/Diplomski/Odometry/rosws/install/camera_test_gt/share/camera_test_gt/hook/ament_prefix_path.sh'
[0.256s] INFO:colcon.colcon_core.shell:Skip shell extension 'powershell' for command environment: Not usable outside of PowerShell
[0.256s] DEBUG:colcon.colcon_core.shell:Skip shell extension 'dsv' for command environment
[0.430s] INFO:colcon.colcon_core.task.python.build:Building Python package in '/home/leonardo/Diplomski/Odometry/rosws/src/camera_test_gt'
[0.430s] INFO:colcon.colcon_core.shell:Skip shell extension 'powershell' for command environment: Not usable outside of PowerShell
[0.430s] DEBUG:colcon.colcon_core.shell:Skip shell extension 'dsv' for command environment
[0.941s] DEBUG:colcon.colcon_core.event_handler.log_command:Invoking command in '/home/leonardo/Diplomski/Odometry/rosws/src/camera_test_gt': PYTHONPATH=/home/leonardo/Diplomski/Odometry/rosws/build/camera_test_gt/prefix_override:/usr/lib/python3/dist-packages/colcon_core/task/python/colcon_distutils_commands:/home/leonardo/Diplomski/Odometry/rosws/install/camera_test_gt/lib/python3.12/site-packages:${PYTHONPATH} /usr/bin/python3 -W ignore:setup.py install is deprecated -W ignore:easy_install command is deprecated setup.py egg_info --egg-base ../../build/camera_test_gt build --build-base /home/leonardo/Diplomski/Odometry/rosws/build/camera_test_gt/build install --record /home/leonardo/Diplomski/Odometry/rosws/build/camera_test_gt/install.log --single-version-externally-managed install_data
[1.396s] DEBUG:colcon.colcon_core.event_handler.log_command:Invoked command in '/home/leonardo/Diplomski/Odometry/rosws/src/camera_test_gt' returned '0': PYTHONPATH=/home/leonardo/Diplomski/Odometry/rosws/build/camera_test_gt/prefix_override:/usr/lib/python3/dist-packages/colcon_core/task/python/colcon_distutils_commands:/home/leonardo/Diplomski/Odometry/rosws/install/camera_test_gt/lib/python3.12/site-packages:${PYTHONPATH} /usr/bin/python3 -W ignore:setup.py install is deprecated -W ignore:easy_install command is deprecated setup.py egg_info --egg-base ../../build/camera_test_gt build --build-base /home/leonardo/Diplomski/Odometry/rosws/build/camera_test_gt/build install --record /home/leonardo/Diplomski/Odometry/rosws/build/camera_test_gt/install.log --single-version-externally-managed install_data
[1.397s] Level 1:colcon.colcon_core.environment:checking '/home/leonardo/Diplomski/Odometry/rosws/install/camera_test_gt' for CMake module files
[1.397s] Level 1:colcon.colcon_core.environment:checking '/home/leonardo/Diplomski/Odometry/rosws/install/camera_test_gt' for CMake config files
[1.398s] Level 1:colcon.colcon_core.environment:checking '/home/leonardo/Diplomski/Odometry/rosws/install/camera_test_gt/lib'
[1.398s] Level 1:colcon.colcon_core.environment:checking '/home/leonardo/Diplomski/Odometry/rosws/install/camera_test_gt/bin'
[1.398s] Level 1:colcon.colcon_core.environment:checking '/home/leonardo/Diplomski/Odometry/rosws/install/camera_test_gt/lib/pkgconfig/camera_test_gt.pc'
[1.398s] Level 1:colcon.colcon_core.environment:checking '/home/leonardo/Diplomski/Odometry/rosws/install/camera_test_gt/lib/python3.12/site-packages'
[1.398s] Level 1:colcon.colcon_core.shell:create_environment_hook('camera_test_gt', 'pythonpath')
[1.399s] INFO:colcon.colcon_core.shell:Creating environment hook '/home/leonardo/Diplomski/Odometry/rosws/install/camera_test_gt/share/camera_test_gt/hook/pythonpath.ps1'
[1.399s] INFO:colcon.colcon_core.shell:Creating environment descriptor '/home/leonardo/Diplomski/Odometry/rosws/install/camera_test_gt/share/camera_test_gt/hook/pythonpath.dsv'
[1.399s] INFO:colcon.colcon_core.shell:Creating environment hook '/home/leonardo/Diplomski/Odometry/rosws/install/camera_test_gt/share/camera_test_gt/hook/pythonpath.sh'
[1.400s] Level 1:colcon.colcon_core.environment:checking '/home/leonardo/Diplomski/Odometry/rosws/install/camera_test_gt/bin'
[1.400s] Level 1:colcon.colcon_core.environment:create_environment_scripts_only(camera_test_gt)
[1.400s] INFO:colcon.colcon_core.shell:Creating package script '/home/leonardo/Diplomski/Odometry/rosws/install/camera_test_gt/share/camera_test_gt/package.ps1'
[1.400s] INFO:colcon.colcon_core.shell:Creating package descriptor '/home/leonardo/Diplomski/Odometry/rosws/install/camera_test_gt/share/camera_test_gt/package.dsv'
[1.401s] INFO:colcon.colcon_core.shell:Creating package script '/home/leonardo/Diplomski/Odometry/rosws/install/camera_test_gt/share/camera_test_gt/package.sh'
[1.401s] INFO:colcon.colcon_core.shell:Creating package script '/home/leonardo/Diplomski/Odometry/rosws/install/camera_test_gt/share/camera_test_gt/package.bash'
[1.402s] INFO:colcon.colcon_core.shell:Creating package script '/home/leonardo/Diplomski/Odometry/rosws/install/camera_test_gt/share/camera_test_gt/package.zsh'
[1.402s] Level 1:colcon.colcon_core.environment:create_file_with_runtime_dependencies(/home/leonardo/Diplomski/Odometry/rosws/install/camera_test_gt/share/colcon-core/packages/camera_test_gt)
[1.402s] DEBUG:colcon.colcon_parallel_executor.executor.parallel:closing loop
[1.403s] DEBUG:colcon.colcon_parallel_executor.executor.parallel:loop closed
[1.403s] DEBUG:colcon.colcon_parallel_executor.executor.parallel:run_until_complete finished with '0'
[1.403s] DEBUG:colcon.colcon_core.event_reactor:joining thread
[1.407s] INFO:colcon.colcon_core.plugin_system:Skipping extension 'colcon_notification.desktop_notification.terminal_notifier': Not used on non-Darwin systems
[1.407s] INFO:colcon.colcon_core.plugin_system:Skipping extension 'colcon_notification.desktop_notification.win32': Not used on non-Windows systems
[1.407s] INFO:colcon.colcon_notification.desktop_notification:Sending desktop notification using 'notify2'
[1.409s] DEBUG:colcon.colcon_core.event_reactor:joined thread
[1.409s] INFO:colcon.colcon_core.shell:Creating prefix script '/home/leonardo/Diplomski/Odometry/rosws/install/local_setup.ps1'
[1.410s] INFO:colcon.colcon_core.shell:Creating prefix util module '/home/leonardo/Diplomski/Odometry/rosws/install/_local_setup_util_ps1.py'
[1.411s] INFO:colcon.colcon_core.shell:Creating prefix chain script '/home/leonardo/Diplomski/Odometry/rosws/install/setup.ps1'
[1.412s] INFO:colcon.colcon_core.shell:Creating prefix script '/home/leonardo/Diplomski/Odometry/rosws/install/local_setup.sh'
[1.413s] INFO:colcon.colcon_core.shell:Creating prefix util module '/home/leonardo/Diplomski/Odometry/rosws/install/_local_setup_util_sh.py'
[1.413s] INFO:colcon.colcon_core.shell:Creating prefix chain script '/home/leonardo/Diplomski/Odometry/rosws/install/setup.sh'
[1.414s] INFO:colcon.colcon_core.shell:Creating prefix script '/home/leonardo/Diplomski/Odometry/rosws/install/local_setup.bash'
[1.414s] INFO:colcon.colcon_core.shell:Creating prefix chain script '/home/leonardo/Diplomski/Odometry/rosws/install/setup.bash'
[1.415s] INFO:colcon.colcon_core.shell:Creating prefix script '/home/leonardo/Diplomski/Odometry/rosws/install/local_setup.zsh'
[1.416s] INFO:colcon.colcon_core.shell:Creating prefix chain script '/home/leonardo/Diplomski/Odometry/rosws/install/setup.zsh'
